Using pre-set license
Built from '2021.1/china_unity/release' branch; Version is '2021.1.9f1c1 (a9c352b271d7) revision 11125586'; Using compiler version '192528614'; Build Type 'Release'
OS: 'Windows 10 Pro; OS build 22000.51; Version 2009; 64bit' Language: 'zh' Physical Memory: 16344 MB
BatchMode: 1, IsHumanControllingUs: 0, StartBugReporterOnCrash: 0, Is64bit: 1, IsPro: 0

 COMMAND LINE ARGUMENTS:
C:\Program Files\Unity 2021.1.9f1c1\Editor\Unity.exe
-adb2
-batchMode
-noUpm
-name
AssetImportWorker2
-projectPath
C:/Project/Unity-Project/Dragon
-logFile
Logs/AssetImportWorker2.log
-srvPort
52576
Successfully changed project path to: C:/Project/Unity-Project/Dragon
C:/Project/Unity-Project/Dragon
Using Asset Import Pipeline V2.
Refreshing native plugins compatible for Editor in 105.05 ms, found 3 plugins.
Preloading 0 native plugins for Editor in 0.00 ms.
Initialize engine version: 2021.1.9f1c1 (a9c352b271d7)
[Subsystems] Discovering subsystems at path C:/Program Files/Unity 2021.1.9f1c1/Editor/Data/Resources/UnitySubsystems
[Subsystems] Discovering subsystems at path C:/Project/Unity-Project/Dragon/Assets
GfxDevice: creating device client; threaded=0; jobified=0
Direct3D:
    Version:  Direct3D 11.0 [level 11.1]
    Renderer: NVIDIA GeForce GTX 1070 (ID=0x1b81)
    Vendor:   NVIDIA
    VRAM:     8088 MB
    Driver:   30.0.14.7111
Initialize mono
Mono path[0] = 'C:/Program Files/Unity 2021.1.9f1c1/Editor/Data/Managed'
Mono path[1] = 'C:/Program Files/Unity 2021.1.9f1c1/Editor/Data/MonoBleedingEdge/lib/mono/unityjit'
Mono config path = 'C:/Program Files/Unity 2021.1.9f1c1/Editor/Data/MonoBleedingEdge/etc'
Using monoOptions --debugger-agent=transport=dt_socket,embedding=1,server=y,suspend=n,address=127.0.0.1:56592
Begin MonoManager ReloadAssembly
Registering precompiled unity dll's ...
Register platform support module: C:/Program Files/Unity 2021.1.9f1c1/Editor/Data/PlaybackEngines/WindowsStandaloneSupport/UnityEditor.WindowsStandalone.Extensions.dll
Registered in 0.003558 seconds.
Native extension for WindowsStandalone target not found
Refreshing native plugins compatible for Editor in 481.85 ms, found 3 plugins.
Preloading 0 native plugins for Editor in 0.00 ms.
Mono: successfully reloaded assembly
- Completed reload, in  4.777 seconds
Domain Reload Profiling:
	ReloadAssembly (4777ms)
		BeginReloadAssembly (634ms)
			ExecutionOrderSort (0ms)
			DisableScriptedObjects (0ms)
			BackupInstance (0ms)
			ReleaseScriptingObjects (0ms)
			CreateAndSetChildDomain (2ms)
		EndReloadAssembly (1999ms)
			LoadAssemblies (515ms)
			RebuildTransferFunctionScriptingTraits (0ms)
			SetupTypeCache (818ms)
			ReleaseScriptCaches (0ms)
			RebuildScriptCaches (305ms)
			SetupLoadedEditorAssemblies (698ms)
				LogAssemblyErrors (0ms)
				InitializePlatformSupportModulesInManaged (30ms)
				SetLoadedEditorAssemblies (0ms)
				RefreshPlugins (482ms)
				BeforeProcessingInitializeOnLoad (2ms)
				ProcessInitializeOnLoadAttributes (146ms)
				ProcessInitializeOnLoadMethodAttributes (38ms)
				AfterProcessingInitializeOnLoad (0ms)
				EditorAssembliesLoaded (0ms)
			ExecutionOrderSort2 (0ms)
			AwakeInstancesAfterBackupRestoration (0ms)
Platform modules already initialized, skipping
Registering precompiled user dll's ...
Registered in 0.005344 seconds.
Begin MonoManager ReloadAssembly
Native extension for WindowsStandalone target not found
Refreshing native plugins compatible for Editor in 29.35 ms, found 3 plugins.
Preloading 0 native plugins for Editor in 0.00 ms.
Mono: successfully reloaded assembly
- Completed reload, in  1.256 seconds
Domain Reload Profiling:
	ReloadAssembly (1257ms)
		BeginReloadAssembly (145ms)
			ExecutionOrderSort (0ms)
			DisableScriptedObjects (4ms)
			BackupInstance (0ms)
			ReleaseScriptingObjects (0ms)
			CreateAndSetChildDomain (21ms)
		EndReloadAssembly (1039ms)
			LoadAssemblies (86ms)
			RebuildTransferFunctionScriptingTraits (0ms)
			SetupTypeCache (301ms)
			ReleaseScriptCaches (0ms)
			RebuildScriptCaches (45ms)
			SetupLoadedEditorAssemblies (520ms)
				LogAssemblyErrors (0ms)
				InitializePlatformSupportModulesInManaged (4ms)
				SetLoadedEditorAssemblies (0ms)
				RefreshPlugins (29ms)
				BeforeProcessingInitializeOnLoad (53ms)
				ProcessInitializeOnLoadAttributes (421ms)
				ProcessInitializeOnLoadMethodAttributes (5ms)
				AfterProcessingInitializeOnLoad (6ms)
				EditorAssembliesLoaded (0ms)
			ExecutionOrderSort2 (0ms)
			AwakeInstancesAfterBackupRestoration (7ms)
Platform modules already initialized, skipping
========================================================================
Worker process is ready to serve import requests
Launched and connected shader compiler UnityShaderCompiler.exe after 0.08 seconds
Refreshing native plugins compatible for Editor in 0.38 ms, found 3 plugins.
Preloading 0 native plugins for Editor in 0.00 ms.
Unloading 2021 Unused Serialized files (Serialized files now loaded: 0)
System memory in use before: 105.9 MB.
System memory in use after: 106.0 MB.

Unloading 32 unused Assets to reduce memory usage. Loaded Objects now: 2481.
Total: 1.803100 ms (FindLiveObjects: 0.156200 ms CreateObjectMapping: 0.065300 ms MarkObjects: 1.552700 ms  DeleteObjects: 0.028100 ms)

AssetImportParameters requested are different than current active one (requested -> active):
  custom:framework-win-MediaFoundation: 216162199b28c13a410421893ffa2e32 -> 
  custom:video-decoder-ogg-theora: a1e56fd34408186e4bbccfd4996cb3dc -> 
  custom:container-muxer-webm: aa71ff27fc2769a1b78a27578f13a17b -> 
  custom:container-demuxer-webm: 4f35f7cbe854078d1ac9338744f61a02 -> 
  custom:container-demuxer-ogg: 62fdf1f143b41e24485cea50d1cbac27 -> 
  custom:video-encoder-webm-vp8: eb34c28f22e8b96e1ab97ce403110664 -> 
  custom:video-decoder-webm-vp8: 9c59270c3fd7afecdb556c50c9e8de78 -> 
  custom:audio-decoder-ogg-vorbis: bf7c407c2cedff20999df2af8eb42d56 -> 
  custom:audio-encoder-webm-vorbis: bf7c407c2cedff20999df2af8eb42d56 -> 
========================================================================
Received Import Request.
  path: Assets/Dragon/LuaExtensions/LuaInjection.cs
  artifactKey: Guid(fd24858c7c4c3fc41a819609b0339735) Importer(815301076,1909f56bfc062723c751e8b465ee728b)
Start importing Assets/Dragon/LuaExtensions/LuaInjection.cs using Guid(fd24858c7c4c3fc41a819609b0339735) Importer(815301076,1909f56bfc062723c751e8b465ee728b)  -> (artifact id: '8736285fc35fdd943ae86a817b242fd9') in 0.040919 seconds 
========================================================================
Received Import Request.
  Time since last request: 0.000208 seconds.
  path: Assets/Dragon/Editor/LuaExtensions/LuaInjectionInspector.cs
  artifactKey: Guid(73dd641d8f75a224893c6d1434c79b95) Importer(815301076,1909f56bfc062723c751e8b465ee728b)
Start importing Assets/Dragon/Editor/LuaExtensions/LuaInjectionInspector.cs using Guid(73dd641d8f75a224893c6d1434c79b95) Importer(815301076,1909f56bfc062723c751e8b465ee728b)  -> (artifact id: 'd52dbc166fba9155aca2f903bf1bdd5a') in 0.008778 seconds 
========================================================================
Received Import Request.
  Time since last request: 375.888558 seconds.
  path: Assets/XLua/Src/Editor/Template/LuaInterfaceBridge.tpl.txt
  artifactKey: Guid(7165d08e91378494dadeb10e5338accb) Importer(815301076,1909f56bfc062723c751e8b465ee728b)
Start importing Assets/XLua/Src/Editor/Template/LuaInterfaceBridge.tpl.txt using Guid(7165d08e91378494dadeb10e5338accb) Importer(815301076,1909f56bfc062723c751e8b465ee728b)  -> (artifact id: '9a057eca34cc7af75c2727ec22423ee0') in 0.037140 seconds 
